1.301055450439453125e+02 2.511640930175781250e+02
1.799102630615234375e+02 2.124447326660156250e+02
1.519902343750000000e+02 2.633531188964843750e+02
1.234766159057617188e+02 2.637519226074218750e+02
1.804739532470703125e+02 2.630195617675781250e+02
1.665242309570312500e+02 2.631904907226562500e+02
1.444742889404296875e+02 2.512224426269531250e+02
1.228561553955078125e+02 2.392990570068359375e+02
1.659642944335937500e+02 2.385348968505859375e+02
1.371111450195312500e+02 2.390332031250000000e+02
1.800042266845703125e+02 2.382616882324218750e+02
1.440581054687500000e+02 2.254162445068359375e+02
1.298318023681640625e+02 2.259836883544921875e+02
1.872094573974609375e+02 2.248874206542968750e+02
1.652689666748046875e+02 2.127235260009765625e+02
1.730924530029296875e+02 2.504726257324218750e+02
1.876056060791015625e+02 2.498897399902343750e+02
1.588975067138671875e+02 2.506760711669921875e+02
1.514987792968750000e+02 2.387936096191406250e+02
1.584509277343750000e+02 2.254978942871093750e+02
1.727776947021484375e+02 2.253272399902343750e+02
1.365227050781250000e+02 2.130865478515625000e+02
1.223587417602539062e+02 2.134886779785156250e+02
1.509443664550781250e+02 2.128278045654296875e+02
1.376358642578125000e+02 2.635308227539062500e+02
