1.286072082519531250e+02 2.344401702880859375e+02
1.716415863037109375e+02 2.336319732666015625e+02
1.435607452392578125e+02 2.586045532226562500e+02
1.581265563964843750e+02 2.583392333984375000e+02
1.217183914184570312e+02 2.464067230224609375e+02
1.142676086425781250e+02 2.345894775390625000e+02
1.576084289550781250e+02 2.338321380615234375e+02
1.430924835205078125e+02 2.342840576171875000e+02
1.642610015869140625e+02 2.206227111816406250e+02
1.500966491699218750e+02 2.208178405761718750e+02
1.213704910278320312e+02 2.213130340576171875e+02
1.787296295166015625e+02 2.201752471923828125e+02
1.283129119873046875e+02 2.085241241455078125e+02
1.138842086791992188e+02 2.086757049560546875e+02
1.570143890380859375e+02 2.079701232910156250e+02
1.427864379882812500e+02 2.082622375488281250e+02
1.291967468261718750e+02 2.588615417480468750e+02
1.150217742919921875e+02 2.588900451660156250e+02
1.721389312744140625e+02 2.583896789550781250e+02
1.648450469970703125e+02 2.459546508789062500e+02
1.503568725585937500e+02 2.459404907226562500e+02
1.362192077636718750e+02 2.461957702636718750e+02
1.791678466796875000e+02 2.451427307128906250e+02
1.356046142578125000e+02 2.209028930664062500e+02
1.714238739013671875e+02 2.078528442382812500e+02
